Copyright 1986-2018 Xilinx, Inc. All Rights Reserved.
----------------------------------------------------------------------------------------
| Tool Version : Vivado v.2018.2 (win64) Build 2258646 Thu Jun 14 20:03:12 MDT 2018
| Date         : Mon Oct  6 16:48:19 2025
| Host         : Plup running 64-bit major release  (build 9200)
| Command      : report_control_sets -verbose -file Top_Student_control_sets_placed.rpt
| Design       : Top_Student
| Device       : xc7a35t
----------------------------------------------------------------------------------------

Control Set Information

Table of Contents
-----------------
1. Summary
2. Histogram
3. Flip-Flop Distribution
4. Detailed Control Set Information

1. Summary
----------

+----------------------------------------------------------+-------+
|                          Status                          | Count |
+----------------------------------------------------------+-------+
| Number of unique control sets                            |    18 |
| Unused register locations in slices containing registers |    14 |
+----------------------------------------------------------+-------+


2. Histogram
------------

+--------+--------------+
| Fanout | Control Sets |
+--------+--------------+
|      8 |           10 |
|    16+ |            8 |
+--------+--------------+


3. Flip-Flop Distribution
-------------------------

+--------------+-----------------------+------------------------+-----------------+--------------+
| Clock Enable | Synchronous Set/Reset | Asynchronous Set/Reset | Total Registers | Total Slices |
+--------------+-----------------------+------------------------+-----------------+--------------+
| No           | No                    | No                     |              22 |           10 |
| No           | No                    | Yes                    |              42 |            6 |
| No           | Yes                   | No                     |             172 |           25 |
| Yes          | No                    | No                     |              24 |            4 |
| Yes          | No                    | Yes                    |             102 |           19 |
| Yes          | Yes                   | No                     |               0 |            0 |
+--------------+-----------------------+------------------------+-----------------+--------------+


4. Detailed Control Set Information
-----------------------------------

+------------------------------------------------------------------------------------------+-----------------------------------------------------------------------------------------------------+-------------------------------------------------------------------------------------------+------------------+----------------+
|                                       Clock Signal                                       |                                            Enable Signal                                            |                                      Set/Reset Signal                                     | Slice Load Count | Bel Load Count |
+------------------------------------------------------------------------------------------+-----------------------------------------------------------------------------------------------------+-------------------------------------------------------------------------------------------+------------------+----------------+
|  clk_IBUF_BUFG                                                                           | calculator_mode_module_inst/input_calculator_number1/manual_input_number_inst/number[11]_i_1_n_0    | reset                                                                                     |                1 |              8 |
|  clk_IBUF_BUFG                                                                           | calculator_mode_module_inst/input_calculator_number1/manual_input_number_inst/number[15]_i_1_n_0    | reset                                                                                     |                1 |              8 |
|  clk_IBUF_BUFG                                                                           | calculator_mode_module_inst/input_calculator_number1/manual_input_number_inst/number[3]_i_1_n_0     | reset                                                                                     |                3 |              8 |
|  clk_IBUF_BUFG                                                                           | calculator_mode_module_inst/input_calculator_number1/manual_input_number_inst/number[7]_i_1_n_0     | reset                                                                                     |                1 |              8 |
|  clk_IBUF_BUFG                                                                           | calculator_mode_module_inst/input_calculator_number2/manual_input_number_inst/number[11]_i_1__0_n_0 | reset                                                                                     |                2 |              8 |
|  clk_IBUF_BUFG                                                                           | calculator_mode_module_inst/input_calculator_number2/manual_input_number_inst/number[15]_i_1__0_n_0 | reset                                                                                     |                2 |              8 |
|  clk_IBUF_BUFG                                                                           | calculator_mode_module_inst/input_calculator_number2/manual_input_number_inst/number[3]_i_1__0_n_0  | reset                                                                                     |                1 |              8 |
|  clk_IBUF_BUFG                                                                           | calculator_mode_module_inst/input_calculator_number2/manual_input_number_inst/number[7]_i_1__0_n_0  | reset                                                                                     |                1 |              8 |
|  clk_IBUF_BUFG                                                                           | ps2_mouse_inst/byte1[5]_i_1_n_0                                                                     |                                                                                           |                1 |              8 |
|  clk_IBUF_BUFG                                                                           | ps2_mouse_inst/bit_count[3]_i_1_n_0                                                                 | reset                                                                                     |                2 |              8 |
|  clk_IBUF_BUFG                                                                           | ps2_mouse_inst/byte3[7]_i_1_n_0                                                                     |                                                                                           |                3 |             16 |
|  calculator_mode_module_inst/input_calculator_number1/manual_input_number_inst/clk1k/CLK |                                                                                                     | calculator_mode_module_inst/input_calculator_number1/manual_input_number_inst/p_0_in      |                6 |             22 |
|  calculator_mode_module_inst/input_calculator_number2/manual_input_number_inst/clk1k/CLK |                                                                                                     | calculator_mode_module_inst/input_calculator_number2/manual_input_number_inst/p_0_in      |                3 |             22 |
|  clk_IBUF_BUFG                                                                           |                                                                                                     |                                                                                           |               10 |             22 |
|  clk_IBUF_BUFG                                                                           | ps2_mouse_inst/FSM_onehot_state_reg_n_0_[2]                                                         | reset                                                                                     |                5 |             30 |
|  clk_IBUF_BUFG                                                                           |                                                                                                     | reset                                                                                     |                6 |             42 |
|  clk_IBUF_BUFG                                                                           |                                                                                                     | calculator_mode_module_inst/input_calculator_number1/manual_input_number_inst/clk1k/clear |                8 |             64 |
|  clk_IBUF_BUFG                                                                           |                                                                                                     | calculator_mode_module_inst/input_calculator_number2/manual_input_number_inst/clk1k/clear |                8 |             64 |
+------------------------------------------------------------------------------------------+-----------------------------------------------------------------------------------------------------+-------------------------------------------------------------------------------------------+------------------+----------------+


